  Main.cpp
<<<<<<< Updated upstream
<<<<<<< Updated upstream
=======
=======
>>>>>>> Stashed changes
<<<<<<< HEAD
C:\Users\270279190\OneDrive - UP Education\Documents\SecureProGui\headers\encryptMenu.h(14,11): error C1083: Cannot open include file: 'openssl/evp.h': No such file or directory
  (compiling source file 'Main.cpp')
  
=======
<<<<<<< Updated upstream
>>>>>>> Stashed changes
=======
>>>>>>> Stashed changes
  .NETFramework,Version=v4.8.AssemblyAttributes.cpp
  Generating Code...
  Main.obj : MSIL module encountered; incremental linking is disabled for MSIL; performing full link
  WindowsForm.vcxproj -> D:\C++  Projects\SecureProGui\SecureProGui\x64\Debug\WindowsForm.exe
  'pwsh.exe' is not recognized as an internal or external command,
  operable program or batch file.
>>>>>>> 36e48936a4672d94f707032d315fdf145d89a21f
